2025-01-02T22:28:33.742+08:00  INFO 22440 --- [seckill-backend] [main] c.e.s.SeckillBackendApplication          : Starting SeckillBackendApplication v0.0.1-SNAPSHOT using Java 17.0.9 with PID 22440 (D:\Document\软件工程uml\temp\seckill-backend\src\target\seckill-backend-0.0.1-SNAPSHOT.jar started by Ghosten in D:\Document\软件工程uml\temp\seckill-backend\src\target)
2025-01-02T22:28:33.746+08:00  INFO 22440 --- [seckill-backend] [main] c.e.s.SeckillBackendApplication          : No active profile set, falling back to 1 default profile: "default"
2025-01-02T22:28:35.222+08:00  INFO 22440 --- [seckill-backend] [main] .s.d.r.c.RepositoryConfigurationDelegate : Multiple Spring Data modules found, entering strict repository configuration mode
2025-01-02T22:28:35.239+08:00  INFO 22440 --- [seckill-backend] [main] .s.d.r.c.RepositoryConfigurationDelegate : Bootstrapping Spring Data Redis repositories in DEFAULT mode.
2025-01-02T22:28:35.324+08:00  INFO 22440 --- [seckill-backend] [main] .s.d.r.c.RepositoryConfigurationDelegate : Finished Spring Data repository scanning in 29 ms. Found 0 Redis repository interfaces.
2025-01-02T22:28:36.681+08:00  INFO 22440 --- [seckill-backend] [main] o.s.b.w.embedded.tomcat.TomcatWebServer  : Tomcat initialized with port 28080 (http)
2025-01-02T22:28:36.701+08:00  INFO 22440 --- [seckill-backend] [main] o.apache.catalina.core.StandardService   : Starting service [Tomcat]
2025-01-02T22:28:36.702+08:00  INFO 22440 --- [seckill-backend] [main] o.apache.catalina.core.StandardEngine    : Starting Servlet engine: [Apache Tomcat/10.1.30]
2025-01-02T22:28:36.765+08:00  INFO 22440 --- [seckill-backend] [main] o.a.c.c.C.[Tomcat].[localhost].[/]       : Initializing Spring embedded WebApplicationContext
2025-01-02T22:28:36.766+08:00  INFO 22440 --- [seckill-backend] [main] w.s.c.ServletWebServerApplicationContext : Root WebApplicationContext: initialization completed in 2932 ms
2025-01-02T22:28:40.058+08:00  WARN 22440 --- [seckill-backend] [main] ion$DefaultTemplateResolverConfiguration : Cannot find template location: classpath:/templates/ (please add some templates, check your Thymeleaf configuration, or set spring.thymeleaf.check-template-location=false)
2025-01-02T22:28:40.303+08:00  INFO 22440 --- [seckill-backend] [main] o.s.b.w.embedded.tomcat.TomcatWebServer  : Tomcat started on port 28080 (http) with context path ''
2025-01-02T22:28:40.351+08:00  INFO 22440 --- [seckill-backend] [main] c.e.s.SeckillBackendApplication          : Started SeckillBackendApplication in 7.345 seconds (process running for 8.273)
2025-01-02T22:29:06.538+08:00  INFO 22440 --- [seckill-backend] [http-nio-28080-exec-1] o.a.c.c.C.[Tomcat].[localhost].[/]       : Initializing Spring DispatcherServlet 'dispatcherServlet'
2025-01-02T22:29:06.539+08:00  INFO 22440 --- [seckill-backend] [http-nio-28080-exec-1] o.s.web.servlet.DispatcherServlet        : Initializing Servlet 'dispatcherServlet'
2025-01-02T22:29:06.541+08:00  INFO 22440 --- [seckill-backend] [http-nio-28080-exec-1] o.s.web.servlet.DispatcherServlet        : Completed initialization in 2 ms
2025-01-02T22:29:06.705+08:00 ERROR 22440 --- [seckill-backend] [http-nio-28080-exec-2] c.e.s.Interceptor.LoginInterceptor       : Token error: JWT expired at 2025-01-02T22:04:48Z. Current time: 2025-01-02T22:29:06Z, a difference of 1458704 milliseconds.  Allowed clock skew: 0 milliseconds.
2025-01-02T22:29:06.764+08:00 ERROR 22440 --- [seckill-backend] [http-nio-28080-exec-4] c.e.s.Interceptor.LoginInterceptor       : Token error: JWT expired at 2025-01-02T22:04:48Z. Current time: 2025-01-02T22:29:06Z, a difference of 1458763 milliseconds.  Allowed clock skew: 0 milliseconds.
2025-01-02T22:29:11.598+08:00  INFO 22440 --- [seckill-backend] [http-nio-28080-exec-6] com.zaxxer.hikari.HikariDataSource       : HikariPool-1 - Starting...
2025-01-02T22:29:12.038+08:00  INFO 22440 --- [seckill-backend] [http-nio-28080-exec-6] com.zaxxer.hikari.pool.HikariPool        : HikariPool-1 - Added connection com.mysql.cj.jdbc.ConnectionImpl@319e1645
2025-01-02T22:29:12.040+08:00  INFO 22440 --- [seckill-backend] [http-nio-28080-exec-6] com.zaxxer.hikari.HikariDataSource       : HikariPool-1 - Start completed.
2025-01-02T22:29:28.028+08:00  INFO 22440 --- [seckill-backend] [SpringApplicationShutdownHook] com.zaxxer.hikari.HikariDataSource       : HikariPool-1 - Shutdown initiated...
2025-01-02T22:29:28.038+08:00  INFO 22440 --- [seckill-backend] [SpringApplicationShutdownHook] com.zaxxer.hikari.HikariDataSource       : HikariPool-1 - Shutdown completed.
